<?xml version="1.0" encoding="UTF-8"?>
<!-- Generated by org.testng.reporters.JUnitXMLReporter -->
<testsuite ignored="7" hostname="DESKTOP-KD7B1SL" failures="0" tests="1" name="Default test(failed)" time="10.126" errors="0" timestamp="2022-11-18T17:46:02 IST">
  <testcase classname="scripts.inVC_MyMeetingsPage" name="tc2" time="4.926"/>
  <testcase classname="scripts.inVC_MyMeetingsPage" name="tc3" time="0.0">
    <ignored/>
  </testcase> <!-- tc3 -->
  <testcase classname="scripts.inVC_MyMeetingsPage" name="tc6" time="0.0">
    <ignored/>
  </testcase> <!-- tc6 -->
  <testcase classname="scripts.inVC_MyMeetingsPage" name="tc4" time="0.0">
    <ignored/>
  </testcase> <!-- tc4 -->
  <testcase classname="scripts.inVC_MyMeetingsPage" name="tc5" time="0.0">
    <ignored/>
  </testcase> <!-- tc5 -->
  <testcase classname="scripts.inVC_MyMeetingsPage" name="tc1" time="0.0">
    <ignored/>
  </testcase> <!-- tc1 -->
  <testcase classname="scripts.inVC_MyMeetingsPage" name="tc7" time="0.0">
    <ignored/>
  </testcase> <!-- tc7 -->
  <testcase classname="scripts.inVC_MyMeetingsPage" name="tc8" time="0.0">
    <ignored/>
  </testcase> <!-- tc8 -->
</testsuite> <!-- Default test(failed) -->
