<?xml version="1.0" encoding="UTF-8"?>
<!-- Generated by org.testng.reporters.JUnitXMLReporter -->
<testsuite ignored="6" hostname="DESKTOP-KD7B1SL" failures="1" tests="1" name="Default test(failed)(failed)(failed)(failed)" time="26.372" errors="0" timestamp="2022-09-05T16:05:58 IST">
  <testcase classname="scripts.inVCJoinMeetingPage" name="tc7" time="20.55">
    <failure type="java.lang.AssertionError" message="expected [https://www.google.com/] but found [https://app.invc.vc/]">
      <![CDATA[java.lang.AssertionError: expected [https://www.google.com/] but found [https://app.invc.vc/]
at scripts.inVCJoinMeetingPage.tc7(inVCJoinMeetingPage.java:237)
at java.base/java.util.ArrayList.forEach(ArrayList.java:1511)
... Removed 33 stack frames]]>
    </failure>
  </testcase> <!-- tc7 -->
  <testcase classname="scripts.inVCJoinMeetingPage" name="tc3" time="0.0">
    <ignored/>
  </testcase> <!-- tc3 -->
  <testcase classname="scripts.inVCJoinMeetingPage" name="tc2" time="0.0">
    <ignored/>
  </testcase> <!-- tc2 -->
  <testcase classname="scripts.inVCJoinMeetingPage" name="tc1" time="0.0">
    <ignored/>
  </testcase> <!-- tc1 -->
  <testcase classname="scripts.inVCJoinMeetingPage" name="tc6" time="0.0">
    <ignored/>
  </testcase> <!-- tc6 -->
  <testcase classname="scripts.inVCJoinMeetingPage" name="tc5" time="0.0">
    <ignored/>
  </testcase> <!-- tc5 -->
  <testcase classname="scripts.inVCJoinMeetingPage" name="tc4" time="0.0">
    <ignored/>
  </testcase> <!-- tc4 -->
</testsuite> <!-- Default test(failed)(failed)(failed)(failed) -->
