<?xml version="1.0" encoding="UTF-8"?>
<!-- Generated by org.testng.reporters.JUnitXMLReporter -->
<testsuite ignored="6" hostname="DESKTOP-KD7B1SL" failures="0" tests="1" name="Test(failed)(failed)(failed)(failed)" time="11.857" errors="0" timestamp="2022-11-18T17:09:09 IST">
  <testcase classname="scripts.inVC_JoinMeetingPage" name="tc1" time="4.548"/>
  <testcase classname="scripts.inVC_JoinMeetingPage" name="tc7" time="0.0">
    <ignored/>
  </testcase> <!-- tc7 -->
  <testcase classname="scripts.inVC_JoinMeetingPage" name="tc5" time="0.0">
    <ignored/>
  </testcase> <!-- tc5 -->
  <testcase classname="scripts.inVC_JoinMeetingPage" name="tc6" time="0.0">
    <ignored/>
  </testcase> <!-- tc6 -->
  <testcase classname="scripts.inVC_JoinMeetingPage" name="tc3" time="0.0">
    <ignored/>
  </testcase> <!-- tc3 -->
  <testcase classname="scripts.inVC_JoinMeetingPage" name="tc4" time="0.0">
    <ignored/>
  </testcase> <!-- tc4 -->
  <testcase classname="scripts.inVC_JoinMeetingPage" name="tc2" time="0.0">
    <ignored/>
  </testcase> <!-- tc2 -->
</testsuite> <!-- Test(failed)(failed)(failed)(failed) -->
