<?xml version="1.0" encoding="UTF-8"?>
<testng-results ignored="0" total="5" passed="5" failed="0" skipped="0">
  <reporter-output>
  </reporter-output>
  <suite started-at="2022-11-23T10:50:38 IST" name="Default suite" finished-at="2022-11-23T10:51:31 IST" duration-ms="53307">
    <groups>
    </groups>
    <test started-at="2022-11-23T10:50:38 IST" name="Default test" finished-at="2022-11-23T10:51:31 IST" duration-ms="53307">
      <class name="scripts.inVC_LoginPage">
        <test-method is-config="true" signature="openApp()[pri:0, instance:scripts.inVC_LoginPage@33990a0c]" started-at="2022-11-23T10:50:38 IST" name="openApp" finished-at="2022-11-23T10:50:52 IST" duration-ms="14704" status="PASS">
          <reporter-output>
          </reporter-output>
        </test-method> <!-- openApp -->
        <test-method signature="tc1()[pri:0, instance:scripts.inVC_LoginPage@33990a0c]" started-at="2022-11-23T10:50:52 IST" name="tc1" finished-at="2022-11-23T10:50:53 IST" duration-ms="256" status="PASS">
          <reporter-output>
          </reporter-output>
        </test-method> <!-- tc1 -->
        <test-method is-config="true" signature="closeApp(org.testng.ITestResult)[pri:0, instance:scripts.inVC_LoginPage@33990a0c]" started-at="2022-11-23T10:50:53 IST" name="closeApp" finished-at="2022-11-23T10:50:53 IST" duration-ms="408" status="PASS">
          <params>
            <param index="0">
              <value>
                <![CDATA[[TestResult name=tc1 status=SUCCESS method=inVC_LoginPage.tc1()[pri:0, instance:scripts.inVC_LoginPage@33990a0c] output={null}]]]>
              </value>
            </param>
          </params>
          <reporter-output>
          </reporter-output>
        </test-method> <!-- closeApp -->
        <test-method is-config="true" signature="openApp()[pri:0, instance:scripts.inVC_LoginPage@33990a0c]" started-at="2022-11-23T10:50:53 IST" name="openApp" finished-at="2022-11-23T10:51:00 IST" duration-ms="6714" status="PASS">
          <reporter-output>
          </reporter-output>
        </test-method> <!-- openApp -->
        <test-method signature="tc2()[pri:0, instance:scripts.inVC_LoginPage@33990a0c]" started-at="2022-11-23T10:51:00 IST" name="tc2" finished-at="2022-11-23T10:51:05 IST" duration-ms="5062" status="PASS">
          <reporter-output>
          </reporter-output>
        </test-method> <!-- tc2 -->
        <test-method is-config="true" signature="closeApp(org.testng.ITestResult)[pri:0, instance:scripts.inVC_LoginPage@33990a0c]" started-at="2022-11-23T10:51:05 IST" name="closeApp" finished-at="2022-11-23T10:51:05 IST" duration-ms="380" status="PASS">
          <params>
            <param index="0">
              <value>
                <![CDATA[[TestResult name=tc2 status=SUCCESS method=inVC_LoginPage.tc2()[pri:0, instance:scripts.inVC_LoginPage@33990a0c] output={null}]]]>
              </value>
            </param>
          </params>
          <reporter-output>
          </reporter-output>
        </test-method> <!-- closeApp -->
        <test-method is-config="true" signature="openApp()[pri:0, instance:scripts.inVC_LoginPage@33990a0c]" started-at="2022-11-23T10:51:05 IST" name="openApp" finished-at="2022-11-23T10:51:12 IST" duration-ms="6387" status="PASS">
          <reporter-output>
          </reporter-output>
        </test-method> <!-- openApp -->
        <test-method signature="tc3()[pri:0, instance:scripts.inVC_LoginPage@33990a0c]" started-at="2022-11-23T10:51:12 IST" name="tc3" finished-at="2022-11-23T10:51:13 IST" duration-ms="1663" status="PASS">
          <reporter-output>
          </reporter-output>
        </test-method> <!-- tc3 -->
        <test-method is-config="true" signature="closeApp(org.testng.ITestResult)[pri:0, instance:scripts.inVC_LoginPage@33990a0c]" started-at="2022-11-23T10:51:13 IST" name="closeApp" finished-at="2022-11-23T10:51:14 IST" duration-ms="339" status="PASS">
          <params>
            <param index="0">
              <value>
                <![CDATA[[TestResult name=tc3 status=SUCCESS method=inVC_LoginPage.tc3()[pri:0, instance:scripts.inVC_LoginPage@33990a0c] output={null}]]]>
              </value>
            </param>
          </params>
          <reporter-output>
          </reporter-output>
        </test-method> <!-- closeApp -->
        <test-method is-config="true" signature="openApp()[pri:0, instance:scripts.inVC_LoginPage@33990a0c]" started-at="2022-11-23T10:51:14 IST" name="openApp" finished-at="2022-11-23T10:51:20 IST" duration-ms="6848" status="PASS">
          <reporter-output>
          </reporter-output>
        </test-method> <!-- openApp -->
        <test-method signature="tc4()[pri:0, instance:scripts.inVC_LoginPage@33990a0c]" started-at="2022-11-23T10:51:20 IST" name="tc4" finished-at="2022-11-23T10:51:22 IST" duration-ms="1612" status="PASS">
          <reporter-output>
          </reporter-output>
        </test-method> <!-- tc4 -->
        <test-method is-config="true" signature="closeApp(org.testng.ITestResult)[pri:0, instance:scripts.inVC_LoginPage@33990a0c]" started-at="2022-11-23T10:51:22 IST" name="closeApp" finished-at="2022-11-23T10:51:23 IST" duration-ms="410" status="PASS">
          <params>
            <param index="0">
              <value>
                <![CDATA[[TestResult name=tc4 status=SUCCESS method=inVC_LoginPage.tc4()[pri:0, instance:scripts.inVC_LoginPage@33990a0c] output={null}]]]>
              </value>
            </param>
          </params>
          <reporter-output>
          </reporter-output>
        </test-method> <!-- closeApp -->
        <test-method is-config="true" signature="openApp()[pri:0, instance:scripts.inVC_LoginPage@33990a0c]" started-at="2022-11-23T10:51:23 IST" name="openApp" finished-at="2022-11-23T10:51:29 IST" duration-ms="6473" status="PASS">
          <reporter-output>
          </reporter-output>
        </test-method> <!-- openApp -->
        <test-method signature="tc5()[pri:0, instance:scripts.inVC_LoginPage@33990a0c]" started-at="2022-11-23T10:51:29 IST" name="tc5" finished-at="2022-11-23T10:51:31 IST" duration-ms="1651" status="PASS">
          <reporter-output>
          </reporter-output>
        </test-method> <!-- tc5 -->
        <test-method is-config="true" signature="closeApp(org.testng.ITestResult)[pri:0, instance:scripts.inVC_LoginPage@33990a0c]" started-at="2022-11-23T10:51:31 IST" name="closeApp" finished-at="2022-11-23T10:51:31 IST" duration-ms="329" status="PASS">
          <params>
            <param index="0">
              <value>
                <![CDATA[[TestResult name=tc5 status=SUCCESS method=inVC_LoginPage.tc5()[pri:0, instance:scripts.inVC_LoginPage@33990a0c] output={null}]]]>
              </value>
            </param>
          </params>
          <reporter-output>
          </reporter-output>
        </test-method> <!-- closeApp -->
      </class> <!-- scripts.inVC_LoginPage -->
    </test> <!-- Default test -->
  </suite> <!-- Default suite -->
</testng-results>
